0 info it worked if it ends with ok
1 verbose cli [
1 verbose cli   '/usr/local/bin/node',
1 verbose cli   '/usr/local/bin/npm',
1 verbose cli   'install',
1 verbose cli   '--production'
1 verbose cli ]
2 info using npm@6.14.8
3 info using node@v12.19.1
4 verbose config Skipping project config: /home/container/.npmrc. (matches userconfig)
5 verbose npm-session 123769bd39469c80
6 silly install runPreinstallTopLevelLifecycles
7 silly install loadCurrentTree
8 silly install readLocalPackageData
9 timing stage:rollbackFailedOptional Completed in 1ms
10 timing stage:runTopLevelLifecycles Completed in 230ms
11 verbose stack Error: Failed to parse json
11 verbose stack Unexpected string in JSON at position 471 while parsing '{
11 verbose stack   "name": "bot-propre",
11 verbose stack   "version": "'
11 verbose stack     at parseError (/usr/local/lib/node_modules/npm/node_modules/read-package-json/read-json.js:470:11)
11 verbose stack     at parseJson (/usr/local/lib/node_modules/npm/node_modules/read-package-json/read-json.js:105:26)
11 verbose stack     at /usr/local/lib/node_modules/npm/node_modules/read-package-json/read-json.js:52:5
11 verbose stack     at /usr/local/lib/node_modules/npm/node_modules/graceful-fs/graceful-fs.js:123:16
11 verbose stack     at FSReqCallback.readFileAfterClose [as oncomplete] (internal/fs/read_file_context.js:63:3)
12 verbose cwd /home/container
13 verbose Linux 5.4.78-2-pve
14 verbose argv "/usr/local/bin/node" "/usr/local/bin/npm" "install" "--production"
15 verbose node v12.19.1
16 verbose npm  v6.14.8
17 error code EJSONPARSE
18 error file /home/container/package.json
19 error JSON.parse Failed to parse json
19 error JSON.parse Unexpected string in JSON at position 471 while parsing '{
19 error JSON.parse   "name": "bot-propre",
19 error JSON.parse   "version": "'
20 error JSON.parse Failed to parse package.json data.
20 error JSON.parse package.json must be actual JSON, not just JavaScript.
21 verbose exit [ 1, true ]
